[2023-08-28 17:31:35] production.ERROR: Carbon\Carbon::setLastErrors(): Argument #1 ($lastErrors) must be of type array, bool given, called in C:\xampp\htdocs\VOD\Files\core\vendor\nesbot\carbon\src\Carbon\Traits\Creator.php on line 98 {"exception":"[object] (TypeError(code: 0): Carbon\\Carbon::setLastErrors(): Argument #1 ($lastErrors) must be of type array, bool given, called in C:\\xampp\\htdocs\\VOD\\Files\\core\\vendor\
esbot\\carbon\\src\\Carbon\\Traits\\Creator.php on line 98 at C:\\xampp\\htdocs\\VOD\\Files\\core\\vendor\
esbot\\carbon\\src\\Carbon\\Traits\\Creator.php:928)
[stacktrace]
#0 C:\\xampp\\htdocs\\VOD\\Files\\core\\vendor\
esbot\\carbon\\src\\Carbon\\Traits\\Creator.php(98): Carbon\\Carbon::setLastErrors(false)
#1 C:\\xampp\\htdocs\\VOD\\Files\\core\\vendor\
esbot\\carbon\\src\\Carbon\\Traits\\Creator.php(252): Carbon\\Carbon->__construct(NULL, NULL)
#2 C:\\xampp\\htdocs\\VOD\\Files\\core\\vendor\\laravel\\framework\\src\\Illuminate\\Support\\InteractsWithTime.php(62): Carbon\\Carbon::now()
#3 C:\\xampp\\htdocs\\VOD\\Files\\core\\vendor\\laravel\\framework\\src\\Illuminate\\Cache\\FileStore.php(264): Illuminate\\Cache\\FileStore->currentTime()
#4 C:\\xampp\\htdocs\\VOD\\Files\\core\\vendor\\laravel\\framework\\src\\Illuminate\\Cache\\FileStore.php(61): Illuminate\\Cache\\FileStore->getPayload('GeneralSetting')
#5 C:\\xampp\\htdocs\\VOD\\Files\\core\\vendor\\laravel\\framework\\src\\Illuminate\\Cache\\Repository.php(97): Illuminate\\Cache\\FileStore->get('GeneralSetting')
#6 C:\\xampp\\htdocs\\VOD\\Files\\core\\vendor\\laravel\\framework\\src\\Illuminate\\Cache\\CacheManager.php(418): Illuminate\\Cache\\Repository->get('GeneralSetting')
#7 C:\\xampp\\htdocs\\VOD\\Files\\core\\vendor\\laravel\\framework\\src\\Illuminate\\Support\\Facades\\Facade.php(337): Illuminate\\Cache\\CacheManager->__call('get', Array)
#8 C:\\xampp\\htdocs\\VOD\\Files\\core\\app\\Http\\Helpers\\helpers.php(475): Illuminate\\Support\\Facades\\Facade::__callStatic('get', Array)
#9 C:\\xampp\\htdocs\\VOD\\Files\\core\\app\\Providers\\AppServiceProvider.php(35): gs()
#10 C:\\xampp\\htdocs\\VOD\\Files\\core\\vendor\\laravel\\framework\\src\\Illuminate\\Container\\BoundMethod.php(36): App\\Providers\\AppServiceProvider->boot()
#11 C:\\xampp\\htdocs\\VOD\\Files\\core\\vendor\\laravel\\framework\\src\\Illuminate\\Container\\Util.php(41): Illuminate\\Container\\BoundMethod::Illuminate\\Container\\{closure}()
#12 C:\\xampp\\htdocs\\VOD\\Files\\core\\vendor\\laravel\\framework\\src\\Illuminate\\Container\\BoundMethod.php(93): Illuminate\\Container\\Util::unwrapIfClosure(Object(Closure))
#13 C:\\xampp\\htdocs\\VOD\\Files\\core\\vendor\\laravel\\framework\\src\\Illuminate\\Container\\BoundMethod.php(35): Illuminate\\Container\\BoundMethod::callBoundMethod(Object(Illuminate\\Foundation\\Application), Array, Object(Closure))
#14 C:\\xampp\\htdocs\\VOD\\Files\\core\\vendor\\laravel\\framework\\src\\Illuminate\\Container\\Container.php(651): Illuminate\\Container\\BoundMethod::call(Object(Illuminate\\Foundation\\Application), Array, Array, NULL)
#15 C:\\xampp\\htdocs\\VOD\\Files\\core\\vendor\\laravel\\framework\\src\\Illuminate\\Foundation\\Application.php(928): Illuminate\\Container\\Container->call(Array)
#16 C:\\xampp\\htdocs\\VOD\\Files\\core\\vendor\\laravel\\framework\\src\\Illuminate\\Foundation\\Application.php(909): Illuminate\\Foundation\\Application->bootProvider(Object(App\\Providers\\AppServiceProvider))
#17 [internal function]: Illuminate\\Foundation\\Application->Illuminate\\Foundation\\{closure}(Object(App\\Providers\\AppServiceProvider), 21)
#18 C:\\xampp\\htdocs\\VOD\\Files\\core\\vendor\\laravel\\framework\\src\\Illuminate\\Foundation\\Application.php(908): array_walk(Array, Object(Closure))
#19 C:\\xampp\\htdocs\\VOD\\Files\\core\\vendor\\laravel\\framework\\src\\Illuminate\\Foundation\\Bootstrap\\BootProviders.php(17): Illuminate\\Foundation\\Application->boot()
#20 C:\\xampp\\htdocs\\VOD\\Files\\core\\vendor\\laravel\\framework\\src\\Illuminate\\Foundation\\Application.php(239): Illuminate\\Foundation\\Bootstrap\\BootProviders->bootstrap(Object(Illuminate\\Foundation\\Application))
#21 C:\\xampp\\htdocs\\VOD\\Files\\core\\vendor\\laravel\\framework\\src\\Illuminate\\Foundation\\Http\\Kernel.php(153): Illuminate\\Foundation\\Application->bootstrapWith(Array)
#22 C:\\xampp\\htdocs\\VOD\\Files\\core\\vendor\\laravel\\framework\\src\\Illuminate\\Foundation\\Http\\Kernel.php(137): Illuminate\\Foundation\\Http\\Kernel->bootstrap()
#23 C:\\xampp\\htdocs\\VOD\\Files\\core\\vendor\\laravel\\framework\\src\\Illuminate\\Foundation\\Http\\Kernel.php(111): Illuminate\\Foundation\\Http\\Kernel->sendRequestThroughRouter(Object(Illuminate\\Http\\Request))
#24 C:\\xampp\\htdocs\\VOD\\Files\\index.php(51): Illuminate\\Foundation\\Http\\Kernel->handle(Object(Illuminate\\Http\\Request))
#25 {main}
"} 
[2023-08-28 17:31:35] production.ERROR: Carbon\Carbon::setLastErrors(): Argument #1 ($lastErrors) must be of type array, bool given, called in C:\xampp\htdocs\VOD\Files\core\vendor\nesbot\carbon\src\Carbon\Traits\Creator.php on line 98 {"exception":"[object] (TypeError(code: 0): Carbon\\Carbon::setLastErrors(): Argument #1 ($lastErrors) must be of type array, bool given, called in C:\\xampp\\htdocs\\VOD\\Files\\core\\vendor\
esbot\\carbon\\src\\Carbon\\Traits\\Creator.php on line 98 at C:\\xampp\\htdocs\\VOD\\Files\\core\\vendor\
esbot\\carbon\\src\\Carbon\\Traits\\Creator.php:928)
[stacktrace]
#0 C:\\xampp\\htdocs\\VOD\\Files\\core\\vendor\
esbot\\carbon\\src\\Carbon\\Traits\\Creator.php(98): Carbon\\Carbon::setLastErrors(false)
#1 C:\\xampp\\htdocs\\VOD\\Files\\core\\vendor\
esbot\\carbon\\src\\Carbon\\Traits\\Creator.php(252): Carbon\\Carbon->__construct(NULL, NULL)
#2 C:\\xampp\\htdocs\\VOD\\Files\\core\\vendor\\laravel\\framework\\src\\Illuminate\\Support\\InteractsWithTime.php(62): Carbon\\Carbon::now()
#3 C:\\xampp\\htdocs\\VOD\\Files\\core\\vendor\\laravel\\framework\\src\\Illuminate\\Cache\\FileStore.php(264): Illuminate\\Cache\\FileStore->currentTime()
#4 C:\\xampp\\htdocs\\VOD\\Files\\core\\vendor\\laravel\\framework\\src\\Illuminate\\Cache\\FileStore.php(61): Illuminate\\Cache\\FileStore->getPayload('GeneralSetting')
#5 C:\\xampp\\htdocs\\VOD\\Files\\core\\vendor\\laravel\\framework\\src\\Illuminate\\Cache\\Repository.php(97): Illuminate\\Cache\\FileStore->get('GeneralSetting')
#6 C:\\xampp\\htdocs\\VOD\\Files\\core\\vendor\\laravel\\framework\\src\\Illuminate\\Cache\\CacheManager.php(418): Illuminate\\Cache\\Repository->get('GeneralSetting')
#7 C:\\xampp\\htdocs\\VOD\\Files\\core\\vendor\\laravel\\framework\\src\\Illuminate\\Support\\Facades\\Facade.php(337): Illuminate\\Cache\\CacheManager->__call('get', Array)
#8 C:\\xampp\\htdocs\\VOD\\Files\\core\\app\\Http\\Helpers\\helpers.php(475): Illuminate\\Support\\Facades\\Facade::__callStatic('get', Array)
#9 C:\\xampp\\htdocs\\VOD\\Files\\core\\app\\Providers\\AppServiceProvider.php(35): gs()
#10 C:\\xampp\\htdocs\\VOD\\Files\\core\\vendor\\laravel\\framework\\src\\Illuminate\\Container\\BoundMethod.php(36): App\\Providers\\AppServiceProvider->boot()
#11 C:\\xampp\\htdocs\\VOD\\Files\\core\\vendor\\laravel\\framework\\src\\Illuminate\\Container\\Util.php(41): Illuminate\\Container\\BoundMethod::Illuminate\\Container\\{closure}()
#12 C:\\xampp\\htdocs\\VOD\\Files\\core\\vendor\\laravel\\framework\\src\\Illuminate\\Container\\BoundMethod.php(93): Illuminate\\Container\\Util::unwrapIfClosure(Object(Closure))
#13 C:\\xampp\\htdocs\\VOD\\Files\\core\\vendor\\laravel\\framework\\src\\Illuminate\\Container\\BoundMethod.php(35): Illuminate\\Container\\BoundMethod::callBoundMethod(Object(Illuminate\\Foundation\\Application), Array, Object(Closure))
#14 C:\\xampp\\htdocs\\VOD\\Files\\core\\vendor\\laravel\\framework\\src\\Illuminate\\Container\\Container.php(651): Illuminate\\Container\\BoundMethod::call(Object(Illuminate\\Foundation\\Application), Array, Array, NULL)
#15 C:\\xampp\\htdocs\\VOD\\Files\\core\\vendor\\laravel\\framework\\src\\Illuminate\\Foundation\\Application.php(928): Illuminate\\Container\\Container->call(Array)
#16 C:\\xampp\\htdocs\\VOD\\Files\\core\\vendor\\laravel\\framework\\src\\Illuminate\\Foundation\\Application.php(909): Illuminate\\Foundation\\Application->bootProvider(Object(App\\Providers\\AppServiceProvider))
#17 [internal function]: Illuminate\\Foundation\\Application->Illuminate\\Foundation\\{closure}(Object(App\\Providers\\AppServiceProvider), 21)
#18 C:\\xampp\\htdocs\\VOD\\Files\\core\\vendor\\laravel\\framework\\src\\Illuminate\\Foundation\\Application.php(908): array_walk(Array, Object(Closure))
#19 C:\\xampp\\htdocs\\VOD\\Files\\core\\vendor\\laravel\\framework\\src\\Illuminate\\Foundation\\Bootstrap\\BootProviders.php(17): Illuminate\\Foundation\\Application->boot()
#20 C:\\xampp\\htdocs\\VOD\\Files\\core\\vendor\\laravel\\framework\\src\\Illuminate\\Foundation\\Application.php(239): Illuminate\\Foundation\\Bootstrap\\BootProviders->bootstrap(Object(Illuminate\\Foundation\\Application))
#21 C:\\xampp\\htdocs\\VOD\\Files\\core\\vendor\\laravel\\framework\\src\\Illuminate\\Foundation\\Http\\Kernel.php(153): Illuminate\\Foundation\\Application->bootstrapWith(Array)
#22 C:\\xampp\\htdocs\\VOD\\Files\\core\\vendor\\laravel\\framework\\src\\Illuminate\\Foundation\\Http\\Kernel.php(137): Illuminate\\Foundation\\Http\\Kernel->bootstrap()
#23 C:\\xampp\\htdocs\\VOD\\Files\\core\\vendor\\laravel\\framework\\src\\Illuminate\\Foundation\\Http\\Kernel.php(111): Illuminate\\Foundation\\Http\\Kernel->sendRequestThroughRouter(Object(Illuminate\\Http\\Request))
#24 C:\\xampp\\htdocs\\VOD\\Files\\index.php(51): Illuminate\\Foundation\\Http\\Kernel->handle(Object(Illuminate\\Http\\Request))
#25 {main}
"} 
[2023-08-28 17:32:26] production.ERROR: Carbon\Carbon::setLastErrors(): Argument #1 ($lastErrors) must be of type array, bool given, called in C:\xampp\htdocs\VOD\Files\core\vendor\nesbot\carbon\src\Carbon\Traits\Creator.php on line 98 {"exception":"[object] (TypeError(code: 0): Carbon\\Carbon::setLastErrors(): Argument #1 ($lastErrors) must be of type array, bool given, called in C:\\xampp\\htdocs\\VOD\\Files\\core\\vendor\
esbot\\carbon\\src\\Carbon\\Traits\\Creator.php on line 98 at C:\\xampp\\htdocs\\VOD\\Files\\core\\vendor\
esbot\\carbon\\src\\Carbon\\Traits\\Creator.php:928)
[stacktrace]
#0 C:\\xampp\\htdocs\\VOD\\Files\\core\\vendor\
esbot\\carbon\\src\\Carbon\\Traits\\Creator.php(98): Carbon\\Carbon::setLastErrors(false)
#1 C:\\xampp\\htdocs\\VOD\\Files\\core\\vendor\
esbot\\carbon\\src\\Carbon\\Traits\\Creator.php(252): Carbon\\Carbon->__construct(NULL, NULL)
#2 C:\\xampp\\htdocs\\VOD\\Files\\core\\vendor\\laravel\\framework\\src\\Illuminate\\Support\\InteractsWithTime.php(62): Carbon\\Carbon::now()
#3 C:\\xampp\\htdocs\\VOD\\Files\\core\\vendor\\laravel\\framework\\src\\Illuminate\\Cache\\FileStore.php(264): Illuminate\\Cache\\FileStore->currentTime()
#4 C:\\xampp\\htdocs\\VOD\\Files\\core\\vendor\\laravel\\framework\\src\\Illuminate\\Cache\\FileStore.php(61): Illuminate\\Cache\\FileStore->getPayload('GeneralSetting')
#5 C:\\xampp\\htdocs\\VOD\\Files\\core\\vendor\\laravel\\framework\\src\\Illuminate\\Cache\\Repository.php(97): Illuminate\\Cache\\FileStore->get('GeneralSetting')
#6 C:\\xampp\\htdocs\\VOD\\Files\\core\\vendor\\laravel\\framework\\src\\Illuminate\\Cache\\CacheManager.php(418): Illuminate\\Cache\\Repository->get('GeneralSetting')
#7 C:\\xampp\\htdocs\\VOD\\Files\\core\\vendor\\laravel\\framework\\src\\Illuminate\\Support\\Facades\\Facade.php(337): Illuminate\\Cache\\CacheManager->__call('get', Array)
#8 C:\\xampp\\htdocs\\VOD\\Files\\core\\app\\Http\\Helpers\\helpers.php(475): Illuminate\\Support\\Facades\\Facade::__callStatic('get', Array)
#9 C:\\xampp\\htdocs\\VOD\\Files\\core\\app\\Providers\\AppServiceProvider.php(35): gs()
#10 C:\\xampp\\htdocs\\VOD\\Files\\core\\vendor\\laravel\\framework\\src\\Illuminate\\Container\\BoundMethod.php(36): App\\Providers\\AppServiceProvider->boot()
#11 C:\\xampp\\htdocs\\VOD\\Files\\core\\vendor\\laravel\\framework\\src\\Illuminate\\Container\\Util.php(41): Illuminate\\Container\\BoundMethod::Illuminate\\Container\\{closure}()
#12 C:\\xampp\\htdocs\\VOD\\Files\\core\\vendor\\laravel\\framework\\src\\Illuminate\\Container\\BoundMethod.php(93): Illuminate\\Container\\Util::unwrapIfClosure(Object(Closure))
#13 C:\\xampp\\htdocs\\VOD\\Files\\core\\vendor\\laravel\\framework\\src\\Illuminate\\Container\\BoundMethod.php(35): Illuminate\\Container\\BoundMethod::callBoundMethod(Object(Illuminate\\Foundation\\Application), Array, Object(Closure))
#14 C:\\xampp\\htdocs\\VOD\\Files\\core\\vendor\\laravel\\framework\\src\\Illuminate\\Container\\Container.php(651): Illuminate\\Container\\BoundMethod::call(Object(Illuminate\\Foundation\\Application), Array, Array, NULL)
#15 C:\\xampp\\htdocs\\VOD\\Files\\core\\vendor\\laravel\\framework\\src\\Illuminate\\Foundation\\Application.php(928): Illuminate\\Container\\Container->call(Array)
#16 C:\\xampp\\htdocs\\VOD\\Files\\core\\vendor\\laravel\\framework\\src\\Illuminate\\Foundation\\Application.php(909): Illuminate\\Foundation\\Application->bootProvider(Object(App\\Providers\\AppServiceProvider))
#17 [internal function]: Illuminate\\Foundation\\Application->Illuminate\\Foundation\\{closure}(Object(App\\Providers\\AppServiceProvider), 21)
#18 C:\\xampp\\htdocs\\VOD\\Files\\core\\vendor\\laravel\\framework\\src\\Illuminate\\Foundation\\Application.php(908): array_walk(Array, Object(Closure))
#19 C:\\xampp\\htdocs\\VOD\\Files\\core\\vendor\\laravel\\framework\\src\\Illuminate\\Foundation\\Bootstrap\\BootProviders.php(17): Illuminate\\Foundation\\Application->boot()
#20 C:\\xampp\\htdocs\\VOD\\Files\\core\\vendor\\laravel\\framework\\src\\Illuminate\\Foundation\\Application.php(239): Illuminate\\Foundation\\Bootstrap\\BootProviders->bootstrap(Object(Illuminate\\Foundation\\Application))
#21 C:\\xampp\\htdocs\\VOD\\Files\\core\\vendor\\laravel\\framework\\src\\Illuminate\\Foundation\\Http\\Kernel.php(153): Illuminate\\Foundation\\Application->bootstrapWith(Array)
#22 C:\\xampp\\htdocs\\VOD\\Files\\core\\vendor\\laravel\\framework\\src\\Illuminate\\Foundation\\Http\\Kernel.php(137): Illuminate\\Foundation\\Http\\Kernel->bootstrap()
#23 C:\\xampp\\htdocs\\VOD\\Files\\core\\vendor\\laravel\\framework\\src\\Illuminate\\Foundation\\Http\\Kernel.php(111): Illuminate\\Foundation\\Http\\Kernel->sendRequestThroughRouter(Object(Illuminate\\Http\\Request))
#24 C:\\xampp\\htdocs\\VOD\\Files\\index.php(51): Illuminate\\Foundation\\Http\\Kernel->handle(Object(Illuminate\\Http\\Request))
#25 {main}
"} 
